<?xml version="1.0" encoding="UTF-8"?>
<!-- Generated by org.testng.reporters.JUnitReportReporter -->
<testsuite hostname="LAPTOP-3G1BU2MM" failures="0" tests="2" name="com.actitime.testscript.ProjectModule" time="0.011" errors="0" timestamp="2023-07-22T11:01:16 IST" skipped="0">
  <testcase classname="com.actitime.testscript.ProjectModule" name="modifyProject" time="0.002">
    <system-out>
      <![CDATA[modifyProject]]>
    </system-out>
  </testcase> <!-- modifyProject -->
  <testcase classname="com.actitime.testscript.ProjectModule" name="createProject" time="0.009">
    <system-out>
      <![CDATA[createProject]]>
    </system-out>
  </testcase> <!-- createProject -->
  <system-out>
    <![CDATA[createProject
modifyProject
deleteCustomer
deleteTask]]>
  </system-out>
</testsuite> <!-- com.actitime.testscript.ProjectModule -->
