<?xml version="1.0" encoding="UTF-8"?>
<!-- Generated by org.testng.reporters.JUnitReportReporter -->
<testsuite hostname="LAPTOP-3G1BU2MM" failures="0" tests="1" name="com.actitime.testscript.TaskModule" time="0.001" errors="0" timestamp="2023-07-22T11:01:16 IST" skipped="0">
  <testcase classname="com.actitime.testscript.TaskModule" name="deleteTask" time="0.001">
    <system-out>
      <![CDATA[deleteTask]]>
    </system-out>
  </testcase> <!-- deleteTask -->
  <system-out>
    <![CDATA[createProject
modifyProject
deleteCustomer
deleteTask]]>
  </system-out>
</testsuite> <!-- com.actitime.testscript.TaskModule -->
